[debug] [2022-11-21T12:04:25.241Z] ----------------------------------------------------------------------
[debug] [2022-11-21T12:04:25.249Z] Command:       C:\Program Files\nodejs\node.exe C:\Users\hrish\AppData\Roaming\npm\node_modules\firebase-tools\lib\bin\firebase.js init
[debug] [2022-11-21T12:04:25.251Z] CLI Version:   11.16.1
[debug] [2022-11-21T12:04:25.252Z] Platform:      win32
[debug] [2022-11-21T12:04:25.252Z] Node Version:  v18.12.1
[debug] [2022-11-21T12:04:25.253Z] Time:          Mon Nov 21 2022 17:34:25 GMT+0530 (India Standard Time)
[debug] [2022-11-21T12:04:25.254Z] ----------------------------------------------------------------------
[debug] 
[debug] [2022-11-21T12:04:25.267Z] > command requires scopes: ["email","openid","https://www.googleapis.com/auth/cloudplatformprojects.readonly","https://www.googleapis.com/auth/firebase","https://www.googleapis.com/auth/cloud-platform"]
[debug] [2022-11-21T12:04:25.269Z] > authorizing via signed-in user (hrishabhkumar634@gmail.com)
[info] 
     ######## #### ########  ######## ########     ###     ######  ########
     ##        ##  ##     ## ##       ##     ##  ##   ##  ##       ##
     ######    ##  ########  ######   ########  #########  ######  ######
     ##        ##  ##    ##  ##       ##     ## ##     ##       ## ##
     ##       #### ##     ## ######## ########  ##     ##  ######  ########

You're about to initialize a Firebase project in this directory:

  C:\Users\hrish\Documents\Crypto Currency Dashboard\backend

[info] 
=== Project Setup
[info] 
[info] First, let's associate this project directory with a Firebase project.
[info] You can create multiple project aliases by running firebase use --add, 
[info] but for now we'll just set up a default project.
[info] 
[debug] [2022-11-21T12:04:45.168Z] >>> [apiv2][query] GET https://firebase.googleapis.com/v1beta1/projects pageSize=100
[debug] [2022-11-21T12:04:47.938Z] <<< [apiv2][status] GET https://firebase.googleapis.com/v1beta1/projects 200
[debug] [2022-11-21T12:04:47.939Z] <<< [apiv2][body] GET https://firebase.googleapis.com/v1beta1/projects [omitted]
[info] i  Using project crypto-dashboard-89cac (Crypto-dashboard) 
[info] 
=== Hosting Setup
[info] 
[info] Your public directory is the folder (relative to your project directory) that
[info] will contain Hosting assets to be uploaded with firebase deploy. If you
[info] have a build process for your assets, use your build's output directory.
[info] 
[debug] [2022-11-21T12:05:53.735Z] ----------------------------------------------------------------------
[debug] [2022-11-21T12:05:53.741Z] Command:       C:\Program Files\nodejs\node.exe C:\Users\hrish\AppData\Roaming\npm\node_modules\firebase-tools\lib\bin\firebase.js init functions
[debug] [2022-11-21T12:05:53.742Z] CLI Version:   11.16.1
[debug] [2022-11-21T12:05:53.742Z] Platform:      win32
[debug] [2022-11-21T12:05:53.742Z] Node Version:  v18.12.1
[debug] [2022-11-21T12:05:53.744Z] Time:          Mon Nov 21 2022 17:35:53 GMT+0530 (India Standard Time)
[debug] [2022-11-21T12:05:53.745Z] ----------------------------------------------------------------------
[debug] 
[debug] [2022-11-21T12:05:53.764Z] > command requires scopes: ["email","openid","https://www.googleapis.com/auth/cloudplatformprojects.readonly","https://www.googleapis.com/auth/firebase","https://www.googleapis.com/auth/cloud-platform"]
[debug] [2022-11-21T12:05:53.765Z] > authorizing via signed-in user (hrishabhkumar634@gmail.com)
[info] 
     ######## #### ########  ######## ########     ###     ######  ########
     ##        ##  ##     ## ##       ##     ##  ##   ##  ##       ##
     ######    ##  ########  ######   ########  #########  ######  ######
     ##        ##  ##    ##  ##       ##     ## ##     ##       ## ##
     ##       #### ##     ## ######## ########  ##     ##  ######  ########

You're about to initialize a Firebase project in this directory:

  C:\Users\hrish\Documents\Crypto Currency Dashboard\backend

